[0m13:55:35.327455 [debug] [MainThread]: Sending event: {'category': 'dbt', 'action': 'invocation', 'label': 'start', 'context': [<snowplow_tracker.self_describing_json.SelfDescribingJson object at 0x7f40dfc3af20>, <snowplow_tracker.self_describing_json.SelfDescribingJson object at 0x7f40de087a00>, <snowplow_tracker.self_describing_json.SelfDescribingJson object at 0x7f40de0879a0>]}


============================== 13:55:35.330879 | b8265fec-556a-41ea-bcaf-7e339c22963d ==============================
[0m13:55:35.330879 [info ] [MainThread]: Running with dbt=1.8.3
[0m13:55:35.331503 [debug] [MainThread]: running dbt with arguments {'printer_width': '80', 'indirect_selection': 'eager', 'log_cache_events': 'False', 'write_json': 'True', 'partial_parse': 'True', 'cache_selected_only': 'False', 'warn_error': 'None', 'version_check': 'True', 'profiles_dir': '.', 'log_path': 'logs', 'debug': 'False', 'fail_fast': 'False', 'use_colors': 'True', 'use_experimental_parser': 'False', 'empty': 'None', 'quiet': 'False', 'no_print': 'None', 'warn_error_options': 'WarnErrorOptions(include=[], exclude=[])', 'introspect': 'True', 'static_parser': 'True', 'log_format': 'default', 'target_path': 'None', 'invocation_command': 'dbt init --profiles-dir .', 'send_anonymous_usage_stats': 'True'}
[0m13:56:00.663110 [debug] [MainThread]: Starter project path: /root/projects/dbt-athena-poc/dbt-env/lib/python3.10/site-packages/dbt/include/starter_project
[0m13:56:00.683077 [info ] [MainThread]: 
Your new dbt project "athena_dbt_core" was created!

For more information on how to configure the profiles.yml file,
please consult the dbt documentation here:

  https://docs.getdbt.com/docs/configure-your-profile

One more thing:

Need help? Don't hesitate to reach out to us via GitHub issues or on Slack:

  https://community.getdbt.com/

Happy modeling!

[0m13:56:00.684875 [info ] [MainThread]: Setting up your profile.
[0m13:56:47.190681 [info ] [MainThread]: Profile athena_dbt_core written to profiles.yml using target's profile_template.yml and your supplied values. Run 'dbt debug' to validate the connection.
[0m13:56:47.194898 [debug] [MainThread]: Resource report: {"command_name": "init", "command_success": true, "command_wall_clock_time": 71.92931, "process_user_time": 1.572864, "process_kernel_time": 0.443628, "process_mem_max_rss": "117736", "process_in_blocks": "32", "process_out_blocks": "88"}
[0m13:56:47.196806 [debug] [MainThread]: Command `dbt init` succeeded at 13:56:47.196430 after 71.93 seconds
[0m13:56:47.198370 [debug] [MainThread]: Sending event: {'category': 'dbt', 'action': 'invocation', 'label': 'end', 'context': [<snowplow_tracker.self_describing_json.SelfDescribingJson object at 0x7f40dfc3af20>, <snowplow_tracker.self_describing_json.SelfDescribingJson object at 0x7f40de05a320>, <snowplow_tracker.self_describing_json.SelfDescribingJson object at 0x7f40de087e20>]}
[0m13:56:47.200319 [debug] [MainThread]: Flushing usage events
[0m14:09:03.527099 [debug] [MainThread]: Sending event: {'category': 'dbt', 'action': 'invocation', 'label': 'start', 'context': [<snowplow_tracker.self_describing_json.SelfDescribingJson object at 0x7fea0d2470d0>, <snowplow_tracker.self_describing_json.SelfDescribingJson object at 0x7fea0b69ba00>, <snowplow_tracker.self_describing_json.SelfDescribingJson object at 0x7fea0b69b9a0>]}


============================== 14:09:03.535826 | 1939fa15-c80c-4b99-997d-35749e6628a4 ==============================
[0m14:09:03.535826 [info ] [MainThread]: Running with dbt=1.8.3
[0m14:09:03.536502 [debug] [MainThread]: running dbt with arguments {'printer_width': '80', 'indirect_selection': 'eager', 'write_json': 'True', 'log_cache_events': 'False', 'partial_parse': 'True', 'cache_selected_only': 'False', 'warn_error': 'None', 'fail_fast': 'False', 'debug': 'False', 'log_path': 'logs', 'version_check': 'True', 'profiles_dir': '.', 'use_colors': 'True', 'use_experimental_parser': 'False', 'empty': 'None', 'quiet': 'False', 'no_print': 'None', 'log_format': 'default', 'invocation_command': 'dbt init --profiles-dir .', 'introspect': 'True', 'static_parser': 'True', 'target_path': 'None', 'warn_error_options': 'WarnErrorOptions(include=[], exclude=[])', 'send_anonymous_usage_stats': 'True'}
[0m14:09:10.754402 [info ] [MainThread]: A project called athena_dbt_core already exists here.
[0m14:09:10.759311 [debug] [MainThread]: Resource report: {"command_name": "init", "command_success": true, "command_wall_clock_time": 7.315216, "process_user_time": 1.656439, "process_kernel_time": 1.210093, "process_mem_max_rss": "89976", "process_in_blocks": "50784", "process_out_blocks": "24"}
[0m14:09:10.760404 [debug] [MainThread]: Command `dbt init` succeeded at 14:09:10.760223 after 7.32 seconds
[0m14:09:10.761005 [debug] [MainThread]: Sending event: {'category': 'dbt', 'action': 'invocation', 'label': 'end', 'context': [<snowplow_tracker.self_describing_json.SelfDescribingJson object at 0x7fea0d2470d0>, <snowplow_tracker.self_describing_json.SelfDescribingJson object at 0x7fea0b662290>, <snowplow_tracker.self_describing_json.SelfDescribingJson object at 0x7fea0b69be20>]}
[0m14:09:10.761651 [debug] [MainThread]: Flushing usage events
